[2016-11-21 00:20:37] request.ERROR: Uncaught PHP Exception Symfony\Component\HttpKernel\Exception\NotFoundHttpException: "No route found for "GET /alumnoclase"" at D:\Proyectos\xampp\htdocs\2016-grupo-3\app\cache\prod\classes.php line 2605 {"exception":"[object] (Symfony\\Component\\HttpKernel\\Exception\\NotFoundHttpException(code: 0): No route found for \"GET /alumnoclase\" at D:\\Proyectos\\xampp\\htdocs\\2016-grupo-3\\app\\cache\\prod\\classes.php:2605, Symfony\\Component\\Routing\\Exception\\ResourceNotFoundException(code: 0):  at D:\\Proyectos\\xampp\\htdocs\\2016-grupo-3\\app\\cache\\prod\\appProdUrlMatcher.php:729)"} []
[2016-11-21 13:33:10] request.INFO: Matched route "alumnos_index". {"route_parameters":{"_controller":"AppBundle\\Controller\\AlumnosController::indexAction","_route":"alumnos_index"},"request_uri":"http://127.0.0.1/2016-grupo-3/web/alumnos/?id=1"} []
[2016-11-21 13:33:10] security.DEBUG: Read existing security token from the session. {"key":"_security_main"} []
[2016-11-21 13:33:10] security.DEBUG: User was reloaded from a user provider. {"username":"admin","provider":"FOS\\UserBundle\\Security\\UserProvider"} []
[2016-11-21 13:33:10] request.CRITICAL: Uncaught PHP Exception Doctrine\ORM\ORMException: "You need to pass a parameter to 'findOneById'" at D:\Proyectos\xampp\htdocs\2016-grupo-3\vendor\doctrine\orm\lib\Doctrine\ORM\ORMException.php line 157 {"exception":"[object] (Doctrine\\ORM\\ORMException(code: 0): You need to pass a parameter to 'findOneById' at D:\\Proyectos\\xampp\\htdocs\\2016-grupo-3\\vendor\\doctrine\\orm\\lib\\Doctrine\\ORM\\ORMException.php:157)"} []
[2016-11-21 13:33:10] security.DEBUG: Stored the security token in the session. {"key":"_security_main"} []
[2016-11-21 13:43:36] request.INFO: Matched route "alumnos_index". {"route_parameters":{"_controller":"AppBundle\\Controller\\AlumnosController::indexAction","_route":"alumnos_index"},"request_uri":"http://127.0.0.1/2016-grupo-3/web/alumnos/?id=1"} []
[2016-11-21 13:43:36] security.DEBUG: Read existing security token from the session. {"key":"_security_main"} []
[2016-11-21 13:43:36] security.DEBUG: User was reloaded from a user provider. {"username":"admin","provider":"FOS\\UserBundle\\Security\\UserProvider"} []
[2016-11-21 13:43:36] request.CRITICAL: Uncaught PHP Exception Twig_Error_Syntax: "A hash key must be followed by a colon (:). Unexpected token "punctuation" of value "}" ("punctuation" expected with value ":") in "alumnos/index.html.twig" at line 4." at D:\Proyectos\xampp\htdocs\2016-grupo-3\vendor\twig\twig\lib\Twig\TokenStream.php line 91 {"exception":"[object] (Twig_Error_Syntax(code: 0): A hash key must be followed by a colon (:). Unexpected token \"punctuation\" of value \"}\" (\"punctuation\" expected with value \":\") in \"alumnos/index.html.twig\" at line 4. at D:\\Proyectos\\xampp\\htdocs\\2016-grupo-3\\vendor\\twig\\twig\\lib\\Twig\\TokenStream.php:91)"} []
[2016-11-21 13:43:36] security.DEBUG: Stored the security token in the session. {"key":"_security_main"} []
[2016-11-21 14:12:02] request.INFO: Matched route "clase_index". {"route_parameters":{"_controller":"AppBundle\\Controller\\ClaseController::indexAction","_route":"clase_index"},"request_uri":"http://127.0.0.1/2016-grupo-3/web/clase/?idComision=1"} []
[2016-11-21 14:12:02] security.DEBUG: Read existing security token from the session. {"key":"_security_main"} []
[2016-11-21 14:12:02] security.DEBUG: User was reloaded from a user provider. {"username":"admin","provider":"FOS\\UserBundle\\Security\\UserProvider"} []
[2016-11-21 14:12:02] request.CRITICAL: Uncaught PHP Exception Symfony\Component\Debug\Exception\FatalErrorException: "Parse Error: syntax error, unexpected '->' (T_OBJECT_OPERATOR)" at D:\Proyectos\xampp\htdocs\2016-grupo-3\src\AppBundle\Controller\ClaseController.php line 38 {"exception":"[object] (Symfony\\Component\\Debug\\Exception\\FatalErrorException(code: 0): Parse Error: syntax error, unexpected '->' (T_OBJECT_OPERATOR) at D:\\Proyectos\\xampp\\htdocs\\2016-grupo-3\\src\\AppBundle\\Controller\\ClaseController.php:38)"} []
[2016-11-21 14:12:02] security.DEBUG: Stored the security token in the session. {"key":"_security_main"} []
[2016-11-21 14:12:29] request.INFO: Matched route "clase_index". {"route_parameters":{"_controller":"AppBundle\\Controller\\ClaseController::indexAction","_route":"clase_index"},"request_uri":"http://127.0.0.1/2016-grupo-3/web/clase/?idComision=1"} []
[2016-11-21 14:12:30] security.DEBUG: Read existing security token from the session. {"key":"_security_main"} []
[2016-11-21 14:12:30] security.DEBUG: User was reloaded from a user provider. {"username":"admin","provider":"FOS\\UserBundle\\Security\\UserProvider"} []
[2016-11-21 14:12:30] request.CRITICAL: Uncaught PHP Exception Symfony\Component\Debug\Exception\FatalErrorException: "Parse Error: syntax error, unexpected ';'" at D:\Proyectos\xampp\htdocs\2016-grupo-3\src\AppBundle\Controller\ClaseController.php line 38 {"exception":"[object] (Symfony\\Component\\Debug\\Exception\\FatalErrorException(code: 0): Parse Error: syntax error, unexpected ';' at D:\\Proyectos\\xampp\\htdocs\\2016-grupo-3\\src\\AppBundle\\Controller\\ClaseController.php:38)"} []
[2016-11-21 14:12:30] security.DEBUG: Stored the security token in the session. {"key":"_security_main"} []
[2016-11-21 14:12:59] request.INFO: Matched route "clase_index". {"route_parameters":{"_controller":"AppBundle\\Controller\\ClaseController::indexAction","_route":"clase_index"},"request_uri":"http://127.0.0.1/2016-grupo-3/web/clase/?idComision=1"} []
[2016-11-21 14:13:04] security.DEBUG: Read existing security token from the session. {"key":"_security_main"} []
[2016-11-21 14:13:04] security.DEBUG: User was reloaded from a user provider. {"username":"admin","provider":"FOS\\UserBundle\\Security\\UserProvider"} []
[2016-11-21 14:13:04] request.CRITICAL: Uncaught PHP Exception Symfony\Component\Debug\Exception\FatalErrorException: "Parse Error: syntax error, unexpected '->' (T_OBJECT_OPERATOR)" at D:\Proyectos\xampp\htdocs\2016-grupo-3\src\AppBundle\Controller\ClaseController.php line 38 {"exception":"[object] (Symfony\\Component\\Debug\\Exception\\FatalErrorException(code: 0): Parse Error: syntax error, unexpected '->' (T_OBJECT_OPERATOR) at D:\\Proyectos\\xampp\\htdocs\\2016-grupo-3\\src\\AppBundle\\Controller\\ClaseController.php:38)"} []
[2016-11-21 14:13:04] security.DEBUG: Stored the security token in the session. {"key":"_security_main"} []
[2016-11-21 14:13:06] request.INFO: Matched route "clase_index". {"route_parameters":{"_controller":"AppBundle\\Controller\\ClaseController::indexAction","_route":"clase_index"},"request_uri":"http://127.0.0.1/2016-grupo-3/web/clase/?idComision=1"} []
[2016-11-21 14:13:06] security.DEBUG: Read existing security token from the session. {"key":"_security_main"} []
[2016-11-21 14:13:06] security.DEBUG: User was reloaded from a user provider. {"username":"admin","provider":"FOS\\UserBundle\\Security\\UserProvider"} []
[2016-11-21 14:13:06] request.CRITICAL: Uncaught PHP Exception Symfony\Component\Debug\Exception\FatalErrorException: "Parse Error: syntax error, unexpected '->' (T_OBJECT_OPERATOR)" at D:\Proyectos\xampp\htdocs\2016-grupo-3\src\AppBundle\Controller\ClaseController.php line 38 {"exception":"[object] (Symfony\\Component\\Debug\\Exception\\FatalErrorException(code: 0): Parse Error: syntax error, unexpected '->' (T_OBJECT_OPERATOR) at D:\\Proyectos\\xampp\\htdocs\\2016-grupo-3\\src\\AppBundle\\Controller\\ClaseController.php:38)"} []
[2016-11-21 14:13:06] security.DEBUG: Stored the security token in the session. {"key":"_security_main"} []
[2016-11-21 14:13:18] request.INFO: Matched route "clase_index". {"route_parameters":{"_controller":"AppBundle\\Controller\\ClaseController::indexAction","_route":"clase_index"},"request_uri":"http://127.0.0.1/2016-grupo-3/web/clase/?idComision=1"} []
[2016-11-21 14:13:18] security.DEBUG: Read existing security token from the session. {"key":"_security_main"} []
[2016-11-21 14:13:18] security.DEBUG: User was reloaded from a user provider. {"username":"admin","provider":"FOS\\UserBundle\\Security\\UserProvider"} []
[2016-11-21 14:13:18] request.CRITICAL: Uncaught PHP Exception Symfony\Component\Debug\Exception\FatalErrorException: "Parse Error: syntax error, unexpected '->' (T_OBJECT_OPERATOR)" at D:\Proyectos\xampp\htdocs\2016-grupo-3\src\AppBundle\Controller\ClaseController.php line 38 {"exception":"[object] (Symfony\\Component\\Debug\\Exception\\FatalErrorException(code: 0): Parse Error: syntax error, unexpected '->' (T_OBJECT_OPERATOR) at D:\\Proyectos\\xampp\\htdocs\\2016-grupo-3\\src\\AppBundle\\Controller\\ClaseController.php:38)"} []
[2016-11-21 14:13:18] security.DEBUG: Stored the security token in the session. {"key":"_security_main"} []
[2016-11-21 14:13:20] request.INFO: Matched route "clase_index". {"route_parameters":{"_controller":"AppBundle\\Controller\\ClaseController::indexAction","_route":"clase_index"},"request_uri":"http://127.0.0.1/2016-grupo-3/web/clase/?idComision=1"} []
[2016-11-21 14:13:20] security.DEBUG: Read existing security token from the session. {"key":"_security_main"} []
[2016-11-21 14:13:20] security.DEBUG: User was reloaded from a user provider. {"username":"admin","provider":"FOS\\UserBundle\\Security\\UserProvider"} []
[2016-11-21 14:13:20] request.CRITICAL: Uncaught PHP Exception Symfony\Component\Debug\Exception\FatalErrorException: "Parse Error: syntax error, unexpected '->' (T_OBJECT_OPERATOR)" at D:\Proyectos\xampp\htdocs\2016-grupo-3\src\AppBundle\Controller\ClaseController.php line 38 {"exception":"[object] (Symfony\\Component\\Debug\\Exception\\FatalErrorException(code: 0): Parse Error: syntax error, unexpected '->' (T_OBJECT_OPERATOR) at D:\\Proyectos\\xampp\\htdocs\\2016-grupo-3\\src\\AppBundle\\Controller\\ClaseController.php:38)"} []
[2016-11-21 14:13:20] security.DEBUG: Stored the security token in the session. {"key":"_security_main"} []
[2016-11-21 14:13:31] request.INFO: Matched route "clase_index". {"route_parameters":{"_controller":"AppBundle\\Controller\\ClaseController::indexAction","_route":"clase_index"},"request_uri":"http://127.0.0.1/2016-grupo-3/web/clase/?idComision=1"} []
[2016-11-21 14:13:31] security.DEBUG: Read existing security token from the session. {"key":"_security_main"} []
[2016-11-21 14:13:31] security.DEBUG: User was reloaded from a user provider. {"username":"admin","provider":"FOS\\UserBundle\\Security\\UserProvider"} []
[2016-11-21 14:13:31] request.CRITICAL: Uncaught PHP Exception Symfony\Component\Debug\Exception\FatalErrorException: "Parse Error: syntax error, unexpected '->' (T_OBJECT_OPERATOR)" at D:\Proyectos\xampp\htdocs\2016-grupo-3\src\AppBundle\Controller\ClaseController.php line 38 {"exception":"[object] (Symfony\\Component\\Debug\\Exception\\FatalErrorException(code: 0): Parse Error: syntax error, unexpected '->' (T_OBJECT_OPERATOR) at D:\\Proyectos\\xampp\\htdocs\\2016-grupo-3\\src\\AppBundle\\Controller\\ClaseController.php:38)"} []
[2016-11-21 14:13:31] security.DEBUG: Stored the security token in the session. {"key":"_security_main"} []
[2016-11-21 14:13:33] request.INFO: Matched route "clase_index". {"route_parameters":{"_controller":"AppBundle\\Controller\\ClaseController::indexAction","_route":"clase_index"},"request_uri":"http://127.0.0.1/2016-grupo-3/web/clase/?idComision=1"} []
[2016-11-21 14:13:33] security.DEBUG: Read existing security token from the session. {"key":"_security_main"} []
[2016-11-21 14:13:33] security.DEBUG: User was reloaded from a user provider. {"username":"admin","provider":"FOS\\UserBundle\\Security\\UserProvider"} []
[2016-11-21 14:13:33] request.CRITICAL: Uncaught PHP Exception Symfony\Component\Debug\Exception\FatalErrorException: "Parse Error: syntax error, unexpected '->' (T_OBJECT_OPERATOR)" at D:\Proyectos\xampp\htdocs\2016-grupo-3\src\AppBundle\Controller\ClaseController.php line 38 {"exception":"[object] (Symfony\\Component\\Debug\\Exception\\FatalErrorException(code: 0): Parse Error: syntax error, unexpected '->' (T_OBJECT_OPERATOR) at D:\\Proyectos\\xampp\\htdocs\\2016-grupo-3\\src\\AppBundle\\Controller\\ClaseController.php:38)"} []
[2016-11-21 14:13:33] security.DEBUG: Stored the security token in the session. {"key":"_security_main"} []
[2016-11-21 14:13:56] request.INFO: Matched route "clase_index". {"route_parameters":{"_controller":"AppBundle\\Controller\\ClaseController::indexAction","_route":"clase_index"},"request_uri":"http://127.0.0.1/2016-grupo-3/web/clase/?idComision=1"} []
[2016-11-21 14:13:56] security.DEBUG: Read existing security token from the session. {"key":"_security_main"} []
[2016-11-21 14:13:56] security.DEBUG: User was reloaded from a user provider. {"username":"admin","provider":"FOS\\UserBundle\\Security\\UserProvider"} []
[2016-11-21 14:13:56] request.CRITICAL: Uncaught PHP Exception Symfony\Component\Debug\Exception\FatalErrorException: "Parse Error: syntax error, unexpected '->' (T_OBJECT_OPERATOR)" at D:\Proyectos\xampp\htdocs\2016-grupo-3\src\AppBundle\Controller\ClaseController.php line 38 {"exception":"[object] (Symfony\\Component\\Debug\\Exception\\FatalErrorException(code: 0): Parse Error: syntax error, unexpected '->' (T_OBJECT_OPERATOR) at D:\\Proyectos\\xampp\\htdocs\\2016-grupo-3\\src\\AppBundle\\Controller\\ClaseController.php:38)"} []
[2016-11-21 14:13:57] security.DEBUG: Stored the security token in the session. {"key":"_security_main"} []
[2016-11-21 14:13:58] request.INFO: Matched route "clase_index". {"route_parameters":{"_controller":"AppBundle\\Controller\\ClaseController::indexAction","_route":"clase_index"},"request_uri":"http://127.0.0.1/2016-grupo-3/web/clase/?idComision=1"} []
[2016-11-21 14:13:58] security.DEBUG: Read existing security token from the session. {"key":"_security_main"} []
[2016-11-21 14:13:58] security.DEBUG: User was reloaded from a user provider. {"username":"admin","provider":"FOS\\UserBundle\\Security\\UserProvider"} []
[2016-11-21 14:13:58] request.CRITICAL: Uncaught PHP Exception Symfony\Component\Debug\Exception\FatalErrorException: "Parse Error: syntax error, unexpected '->' (T_OBJECT_OPERATOR)" at D:\Proyectos\xampp\htdocs\2016-grupo-3\src\AppBundle\Controller\ClaseController.php line 38 {"exception":"[object] (Symfony\\Component\\Debug\\Exception\\FatalErrorException(code: 0): Parse Error: syntax error, unexpected '->' (T_OBJECT_OPERATOR) at D:\\Proyectos\\xampp\\htdocs\\2016-grupo-3\\src\\AppBundle\\Controller\\ClaseController.php:38)"} []
[2016-11-21 14:13:58] security.DEBUG: Stored the security token in the session. {"key":"_security_main"} []
[2016-11-21 14:14:36] request.INFO: Matched route "clase_index". {"route_parameters":{"_controller":"AppBundle\\Controller\\ClaseController::indexAction","_route":"clase_index"},"request_uri":"http://127.0.0.1/2016-grupo-3/web/clase/?idComision=1"} []
[2016-11-21 14:14:36] security.DEBUG: Read existing security token from the session. {"key":"_security_main"} []
[2016-11-21 14:14:36] security.DEBUG: User was reloaded from a user provider. {"username":"admin","provider":"FOS\\UserBundle\\Security\\UserProvider"} []
[2016-11-21 14:14:36] request.CRITICAL: Uncaught PHP Exception Symfony\Component\Debug\Exception\FatalErrorException: "Parse Error: syntax error, unexpected '->' (T_OBJECT_OPERATOR)" at D:\Proyectos\xampp\htdocs\2016-grupo-3\src\AppBundle\Controller\ClaseController.php line 38 {"exception":"[object] (Symfony\\Component\\Debug\\Exception\\FatalErrorException(code: 0): Parse Error: syntax error, unexpected '->' (T_OBJECT_OPERATOR) at D:\\Proyectos\\xampp\\htdocs\\2016-grupo-3\\src\\AppBundle\\Controller\\ClaseController.php:38)"} []
[2016-11-21 14:14:36] security.DEBUG: Stored the security token in the session. {"key":"_security_main"} []
[2016-11-21 14:20:27] request.INFO: Matched route "clase_index". {"route_parameters":{"_controller":"AppBundle\\Controller\\ClaseController::indexAction","_route":"clase_index"},"request_uri":"http://127.0.0.1/2016-grupo-3/web/clase/?idComision=1"} []
[2016-11-21 14:20:28] security.DEBUG: Read existing security token from the session. {"key":"_security_main"} []
[2016-11-21 14:20:28] security.DEBUG: User was reloaded from a user provider. {"username":"admin","provider":"FOS\\UserBundle\\Security\\UserProvider"} []
[2016-11-21 14:20:28] request.CRITICAL: Uncaught PHP Exception Symfony\Component\Debug\Exception\FatalErrorException: "Parse Error: syntax error, unexpected '->' (T_OBJECT_OPERATOR)" at D:\Proyectos\xampp\htdocs\2016-grupo-3\src\AppBundle\Controller\ClaseController.php line 38 {"exception":"[object] (Symfony\\Component\\Debug\\Exception\\FatalErrorException(code: 0): Parse Error: syntax error, unexpected '->' (T_OBJECT_OPERATOR) at D:\\Proyectos\\xampp\\htdocs\\2016-grupo-3\\src\\AppBundle\\Controller\\ClaseController.php:38)"} []
[2016-11-21 14:20:28] security.DEBUG: Stored the security token in the session. {"key":"_security_main"} []
[2016-11-21 14:21:29] request.INFO: Matched route "clase_index". {"route_parameters":{"_controller":"AppBundle\\Controller\\ClaseController::indexAction","_route":"clase_index"},"request_uri":"http://127.0.0.1/2016-grupo-3/web/clase/?idComision=1"} []
[2016-11-21 14:21:29] security.DEBUG: Read existing security token from the session. {"key":"_security_main"} []
[2016-11-21 14:21:29] security.DEBUG: User was reloaded from a user provider. {"username":"admin","provider":"FOS\\UserBundle\\Security\\UserProvider"} []
[2016-11-21 14:21:29] request.CRITICAL: Uncaught PHP Exception Symfony\Component\Debug\Exception\FatalErrorException: "Parse Error: syntax error, unexpected '->' (T_OBJECT_OPERATOR)" at D:\Proyectos\xampp\htdocs\2016-grupo-3\src\AppBundle\Controller\ClaseController.php line 38 {"exception":"[object] (Symfony\\Component\\Debug\\Exception\\FatalErrorException(code: 0): Parse Error: syntax error, unexpected '->' (T_OBJECT_OPERATOR) at D:\\Proyectos\\xampp\\htdocs\\2016-grupo-3\\src\\AppBundle\\Controller\\ClaseController.php:38)"} []
[2016-11-21 14:21:29] security.DEBUG: Stored the security token in the session. {"key":"_security_main"} []
